[:00000001] LAUNCH logger ./log/gate.log
[:00000002] LAUNCH snlua bootstrap
[:00000003] LAUNCH snlua launcher
[:00000004] LAUNCH snlua cdummy
[:00000005] LAUNCH harbor 0 4
[:00000006] LAUNCH snlua datacenterd
[:00000007] LAUNCH snlua service_mgr
[:00000008] LAUNCH snlua main
[:00000009] LAUNCH snlua debug_console 7002
[:0000000a] LAUNCH snlua clusterd
[:00000009] Start debug console at 127.0.0.1:7002
[:0000000b] LAUNCH snlua server_log
[:0000000c] LAUNCH snlua ykwsgate
[:0000000c] Listen on 0.0.0.0:9023
[:0000000d] LAUNCH snlua httpser
[:0000000e] LAUNCH snlua httpagent
[:0000000f] LAUNCH snlua httpagent
[:00000010] LAUNCH snlua httpagent
[:00000011] LAUNCH snlua httpagent
[:00000012] LAUNCH snlua httpagent
[:00000013] LAUNCH snlua httpagent
[:00000014] LAUNCH snlua httpagent
[:00000015] LAUNCH snlua httpagent
[:00000016] LAUNCH snlua httpagent
[:00000017] LAUNCH snlua httpagent
[:0000000d] 开始监听httpurl=0.0.0.0:9100
[:00000018] LAUNCH snlua dbserver
[:00000019] LAUNCH snlua mysql_db
[:0000001a] LAUNCH snlua test
[:0000001b] LAUNCH snlua authser
[:00000008]  start!
[:00000008] KILL self
[:00000002] KILL self
